0 info it worked if it ends with ok
1 verbose cli [ 'C:\\Program Files\\nodejs\\node.exe',
1 verbose cli   'C:\\Program Files\\nodejs\\node_modules\\npm\\bin\\npm-cli.js',
1 verbose cli   'install',
1 verbose cli   'mongoose' ]
2 info using npm@2.14.2
3 info using node@v4.0.0
4 verbose install initial load of c:\node\blog-system\package.json
5 verbose stack Error: Failed to parse json
5 verbose stack Unexpected token 'm' at 11:3
5 verbose stack 	"mongoose": "*"
5 verbose stack 	 ^
5 verbose stack     at parseError (C:\Program Files\nodejs\node_modules\npm\node_modules\read-package-json\read-json.js:379:11)
5 verbose stack     at parseJson (C:\Program Files\nodejs\node_modules\npm\node_modules\read-package-json\read-json.js:68:23)
5 verbose stack     at C:\Program Files\nodejs\node_modules\npm\node_modules\read-package-json\read-json.js:48:5
5 verbose stack     at FSReqWrap.readFileAfterClose [as oncomplete] (evalmachine.<anonymous>:380:3)
6 verbose cwd c:\node\blog-system
7 error Windows_NT 10.0.10240
8 error argv "C:\\Program Files\\nodejs\\node.exe" "C:\\Program Files\\nodejs\\node_modules\\npm\\bin\\npm-cli.js" "install" "mongoose"
9 error node v4.0.0
10 error npm  v2.14.2
11 error file c:\node\blog-system\package.json
12 error code EJSONPARSE
13 error Failed to parse json
13 error Unexpected token 'm' at 11:3
13 error 	"mongoose": "*"
13 error 	 ^
14 error File: c:\node\blog-system\package.json
15 error Failed to parse package.json data.
15 error package.json must be actual JSON, not just JavaScript.
15 error
15 error This is not a bug in npm.
15 error Tell the package author to fix their package.json file. JSON.parse
16 verbose exit [ 1, true ]
